#
# There is insufficient memory for the Java Runtime Environment to continue.
# Native memory allocation (mmap) failed to map 134217728 bytes for Failed to commit area from 0x0000000081c00000 to 0x0000000089c00000 of length 134217728.
# Possible reasons:
#   The system is out of physical RAM or swap space
#   The process is running with CompressedOops enabled, and the Java Heap may be blocking the growth of the native heap
# Possible solutions:
#   Reduce memory load on the system
#   Increase physical memory or swap space
#   Check if swap backing store is full
#   Decrease Java heap size (-Xmx/-Xms)
#   Decrease number of Java threads
#   Decrease Java thread stack sizes (-Xss)
#   Set larger code cache with -XX:ReservedCodeCacheSize=
# This output file may be truncated or incomplete.
#
#  Out of Memory Error (c:/BuildAgent/work/5ff2f6c26000d570/src/hotspot/os/windows/os_windows.cpp:3281), pid=16120, tid=17184
#
# JRE version:  (11.0.4+10) (build )
# Java VM: OpenJDK 64-Bit Server VM (11.0.4+10-b304.69, mixed mode, aot, sharing, tiered, compressed oops, g1 gc, windows-amd64)
# No core dump will be written. Minidumps are not enabled by default on client versions of Windows
#

---------------  S U M M A R Y ------------

Command Line: org.jetbrains.git4idea.http.GitAskPassApp Username for 'https://github.com': 

Host: Intel(R) Core(TM) i7-4720HQ CPU @ 2.60GHz, 8 cores, 7G,  Windows 10 , 64 bit Build 18362 (10.0.18362.778)
Time: Sat May 30 22:11:41 2020 ?D1¨²¡À¨º¡Á?¨º¡À?? elapsed time: 0 seconds (0d 0h 0m 0s)

---------------  T H R E A D  ---------------

Current thread (0x000001edce2e5000):  JavaThread "Unknown thread" [_thread_in_vm, id=17184, stack(0x0000006754700000,0x0000006754800000)]

Stack: [0x0000006754700000,0x0000006754800000]
Native frames: (J=compiled Java code, j=interpreted, Vv=VM code, C=native code)
V  [jvm.dll+0x5db31a]
V  [jvm.dll+0x70c395]
V  [jvm.dll+0x70d8b8]
V  [jvm.dll+0x70df83]
V  [jvm.dll+0x23dbb8]
V  [jvm.dll+0x5d8a74]
V  [jvm.dll+0x5cdb05]
V  [jvm.dll+0x2fa5bb]
V  [jvm.dll+0x2fa52a]
V  [jvm.dll+0x2fa402]
V  [jvm.dll+0x2ff2c6]
V  [jvm.dll+0x347893]
V  [jvm.dll+0x347f96]
V  [jvm.dll+0x347993]
V  [jvm.dll+0x2d4e28]
V  [jvm.dll+0x2d5fd7]
V  [jvm.dll+0x6eb717]
V  [jvm.dll+0x6ecf0c]
V  [jvm.dll+0x354fb9]
V  [jvm.dll+0x6d35be]
V  [jvm.dll+0x3bd673]
V  [jvm.dll+0x3bf9f1]
C  [java.exe+0x3763]
C  [java.exe+0x17a0c]
C  [KERNEL32.DLL+0x17bd4]
C  [ntdll.dll+0x6ce51]


---------------  P R O C E S S  ---------------

Threads class SMR info:
_java_thread_list=0x000001edcc2478d0, length=0, elements={
}

Java Threads: ( => current thread )

Other Threads:
  0x000001edce2fc000 GCTaskThread "GC Thread#0" [stack: 0x0000006754800000,0x0000006754900000] [id=44428]
  0x000001edce32d000 ConcurrentGCThread "G1 Main Marker" [stack: 0x0000006754900000,0x0000006754a00000] [id=45720]
  0x000001edce32f800 ConcurrentGCThread "G1 Conc#0" [stack: 0x0000006754a00000,0x0000006754b00000] [id=43812]

[error occurred during error reporting (printing all threads), id 0xc0000005, EXCEPTION_ACCESS_VIOLATION (0xc0000005) at pc=0x00007ffad7255727]

VM state:not at safepoint (not fully initialized)

VM Mutex/Monitor currently owned by a thread:  ([mutex/lock_event])
[0x000001edce2e3260] Heap_lock - owner thread: 0x000001edce2e5000

Heap address: 0x0000000081c00000, size: 2020 MB, Compressed Oops mode: Non-zero based: 0x0000000081c00000
Narrow klass base: 0x0000000000000000, Narrow klass shift: 0

GC Heap History (0 events):
No events

Deoptimization events (0 events):
No events

Classes redefined (0 events):
No events

Internal exceptions (0 events):
No events

Events (0 events):
No events


Dynamic libraries:
0x00007ff6c25d0000 - 0x00007ff6c2617000 	F:\IntelliJ IDEA 2019.2.3\jbr\bin\java.exe
0x00007ffb222c0000 - 0x00007ffb224b0000 	C:\WINDOWS\SYSTEM32\ntdll.dll
0x00007ffb21ca0000 - 0x00007ffb21d52000 	C:\WINDOWS\System32\KERNEL32.DLL
0x00007ffb1f2d0000 - 0x00007ffb1f574000 	C:\WINDOWS\System32\KERNELBASE.dll
0x00007ffb21ec0000 - 0x00007ffb22054000 	C:\WINDOWS\System32\USER32.dll
0x00007ffb1ffa0000 - 0x00007ffb1ffc1000 	C:\WINDOWS\System32\win32u.dll
0x00007ffb21580000 - 0x00007ffb215a6000 	C:\WINDOWS\System32\GDI32.dll
0x00007ffb1fe00000 - 0x00007ffb1ff94000 	C:\WINDOWS\System32\gdi32full.dll
0x00007ffb202d0000 - 0x00007ffb2036e000 	C:\WINDOWS\System32\msvcp_win.dll
0x00007ffb201d0000 - 0x00007ffb202ca000 	C:\WINDOWS\System32\ucrtbase.dll
0x00007ffb05c10000 - 0x00007ffb05e94000 	C:\WINDOWS\WinSxS\amd64_microsoft.windows.common-controls_6595b64144ccf1df_6.0.18362.836_none_e6c4b943130f18ed\COMCTL32.dll
0x00007ffb21300000 - 0x00007ffb2139e000 	C:\WINDOWS\System32\msvcrt.dll
0x00007ffb208e0000 - 0x00007ffb20c16000 	C:\WINDOWS\System32\combase.dll
0x00007ffb20580000 - 0x00007ffb206a0000 	C:\WINDOWS\System32\RPCRT4.dll
0x00007ffb20000000 - 0x00007ffb20080000 	C:\WINDOWS\System32\bcryptPrimitives.dll
0x00007ffb21450000 - 0x00007ffb2147e000 	C:\WINDOWS\System32\IMM32.DLL
0x00007ffb01320000 - 0x00007ffb01337000 	F:\IntelliJ IDEA 2019.2.3\jbr\bin\vcruntime140.dll
0x00007ffaeb8e0000 - 0x00007ffaeb97d000 	F:\IntelliJ IDEA 2019.2.3\jbr\bin\msvcp140.dll
0x00007ffad6f70000 - 0x00007ffad7a28000 	F:\IntelliJ IDEA 2019.2.3\jbr\bin\server\jvm.dll
0x00007ffb211a0000 - 0x00007ffb21243000 	C:\WINDOWS\System32\ADVAPI32.dll
0x00007ffb206a0000 - 0x00007ffb20737000 	C:\WINDOWS\System32\sechost.dll
0x00007ffb21510000 - 0x00007ffb21518000 	C:\WINDOWS\System32\PSAPI.DLL
0x00007ffb1d0b0000 - 0x00007ffb1d0d4000 	C:\WINDOWS\SYSTEM32\WINMM.dll
0x00007ffb11dc0000 - 0x00007ffb11dc9000 	C:\WINDOWS\SYSTEM32\WSOCK32.dll
0x00007ffb157c0000 - 0x00007ffb157ca000 	C:\WINDOWS\SYSTEM32\VERSION.dll
0x00007ffb22200000 - 0x00007ffb2226f000 	C:\WINDOWS\System32\WS2_32.dll
0x00007ffb1d080000 - 0x00007ffb1d0ad000 	C:\WINDOWS\SYSTEM32\winmmbase.dll
0x00007ffb1f630000 - 0x00007ffb1f67a000 	C:\WINDOWS\System32\cfgmgr32.dll
0x00007ffb1f230000 - 0x00007ffb1f241000 	C:\WINDOWS\System32\kernel.appcore.dll
0x00007ffb0ac00000 - 0x00007ffb0ac11000 	F:\IntelliJ IDEA 2019.2.3\jbr\bin\verify.dll
0x00007ffb18f40000 - 0x00007ffb19134000 	C:\WINDOWS\SYSTEM32\DBGHELP.DLL
0x00007ffb18da0000 - 0x00007ffb18dca000 	C:\WINDOWS\SYSTEM32\dbgcore.DLL
0x00007ffb09480000 - 0x00007ffb094a9000 	F:\IntelliJ IDEA 2019.2.3\jbr\bin\java.dll
0x00007ffb08220000 - 0x00007ffb08237000 	F:\IntelliJ IDEA 2019.2.3\jbr\bin\zip.dll
0x00007ffb11d80000 - 0x00007ffb11d8b000 	F:\IntelliJ IDEA 2019.2.3\jbr\bin\jimage.dll

dbghelp: loaded successfully - version: 4.0.5 - missing functions: none
symbol engine: initialized successfully - sym options: 0x614 - pdb path: .;F:\IntelliJ IDEA 2019.2.3\jbr\bin;C:\WINDOWS\SYSTEM32;C:\WINDOWS\WinSxS\amd64_microsoft.windows.common-controls_6595b64144ccf1df_6.0.18362.836_none_e6c4b943130f18ed;F:\IntelliJ IDEA 2019.2.3\jbr\bin\server

VM Arguments:
java_command: org.jetbrains.git4idea.http.GitAskPassApp Username for 'https://github.com': 
java_class_path (initial): F:/IntelliJ IDEA 2019.2.3/plugins/git4idea/lib/git4idea-rt.jar;F:/IntelliJ IDEA 2019.2.3/lib/xmlrpc-2.0.1.jar;F:/IntelliJ IDEA 2019.2.3/lib/commons-codec-1.13.jar;F:/IntelliJ IDEA 2019.2.3/lib/util.jar
Launcher Type: SUN_STANDARD

[Global flags]
     intx CICompilerCount                          = 4                                         {product} {ergonomic}
     uint ConcGCThreads                            = 2                                         {product} {ergonomic}
     uint G1ConcRefinementThreads                  = 8                                         {product} {ergonomic}
   size_t G1HeapRegionSize                         = 1048576                                   {product} {ergonomic}
    uintx GCDrainStackTargetSize                   = 64                                        {product} {ergonomic}
   size_t InitialHeapSize                          = 134217728                                 {product} {ergonomic}
   size_t MarkStackSize                            = 4194304                                   {product} {ergonomic}
   size_t MaxHeapSize                              = 2118123520                                {product} {ergonomic}
   size_t MinHeapDeltaBytes                        = 1048576                                   {product} {ergonomic}
    uintx NonNMethodCodeHeapSize                   = 5835340                                {pd product} {ergonomic}
    uintx NonProfiledCodeHeapSize                  = 122911450                              {pd product} {ergonomic}
    uintx ProfiledCodeHeapSize                     = 122911450                              {pd product} {ergonomic}
    uintx ReservedCodeCacheSize                    = 251658240                              {pd product} {ergonomic}
     bool SegmentedCodeCache                       = true                                      {product} {ergonomic}
     bool UseCompressedClassPointers               = true                                 {lp64_product} {ergonomic}
     bool UseCompressedOops                        = true                                 {lp64_product} {ergonomic}
     bool UseG1GC                                  = true                                      {product} {ergonomic}
     bool UseLargePagesIndividualAllocation        = false                                  {pd product} {ergonomic}

Logging:
Log output configuration:
 #0: stdout all=warning uptime,level,tags
 #1: stderr all=off uptime,level,tags

Environment Variables:
PATH=E:\Git\mingw64\libexec\git-core;E:\Git\mingw64\libexec\git-core;E:\Git\mingw64\bin;E:\Git\usr\bin;C:\Users\Administrator\bin;F:\Java\jdk1.8\bin;C:\Program Files (x86)\Common Files\Oracle\Java\javapath;E:\Ruby26-x64\bin;C:\WINDOWS\system32;C:\WINDOWS;C:\WINDOWS\System32\Wbem;C:\WINDOWS\System32\WindowsPowerShell\v1.0;C:\WINDOWS\System32\OpenSSH;E:\Git\cmd;E:\Microsoft VS Code\bin;E:\nodejs;E:\yarn\bin;F:\apache-maven-3.6.2\bin;E:\MySQL\bin;F:\Python37\Scripts;F:\Python37;C:\Users\Administrator\AppData\Local\Microsoft\WindowsApps;F:\IntelliJEdu\IntelliJ IDEA Educational Edition 2019.2\bin;F:\PycharmEdu\PyCharm Edu 2019.2\bin;C:\Users\Administrator\AppData\Roaming\npm;C:\Users\Administrator\AppData\Local\Yarn\bin;F:\IntelliJ IDEA 2019.2.3\bin;E:\pycharm\PyCharm 2019.2.5\bin
USERNAME=Administrator
DISPLAY=:0.0
OS=Windows_NT
PROCESSOR_IDENTIFIER=Intel64 Family 6 Model 60 Stepping 3, GenuineIntel



---------------  S Y S T E M  ---------------

OS: Windows 10 , 64 bit Build 18362 (10.0.18362.778)

CPU:total 8 (initial active 8) (4 cores per cpu, 2 threads per core) family 6 model 60 stepping 3, cmov, cx8, fxsr, mmx, sse, sse2, sse3, ssse3, sse4.1, sse4.2, popcnt, avx, avx2, aes, clmul, erms, lzcnt, ht, tsc, tscinvbit, bmi1, bmi2, fma

Memory: 4k page, system-wide physical 8079M (798M free)
TotalPageFile size 18343M (AvailPageFile size 36M)
current process WorkingSet (physical memory assigned to process): 9M, peak: 9M
current process commit charge ("private bytes"): 60M, peak: 187M

vm_info: OpenJDK 64-Bit Server VM (11.0.4+10-b304.69) for windows-amd64 JRE (11.0.4+10-b304.69), built on Sep  9 2019 11:39:50 by "" with MS VC++ 14.0 (VS2015)

END.
